<?xml version="1.0" encoding="UTF-8"?>
<testsuite xmlns:xsi="http://www.w3.org/2001/XMLSchema-instance" xsi:noNamespaceSchemaLocation="https://maven.apache.org/surefire/maven-surefire-plugin/xsd/surefire-test-report-3.0.xsd" version="3.0" name="me.zhulin.shopapi.service.impl.OrderServiceImplTest" time="0.001" tests="2" errors="0" skipped="0" failures="0">
  <properties>
    <property name="java.specification.version" value="17"/>
    <property name="sun.cpu.isalist" value="amd64"/>
    <property name="sun.jnu.encoding" value="Cp1252"/>
    <property name="java.class.path" value="D:\vscode\Velocity\shopForHome_group_09_spring2 (1)\backend\target\test-classes;D:\vscode\Velocity\shopForHome_group_09_spring2 (1)\backend\target\classes;C:\Users\suraj\.m2\repository\com\h2database\h2\1.4.199\h2-1.4.199.jar;C:\Users\suraj\.m2\repository\org\springframework\boot\spring-boot-starter-data-jpa\2.2.0.BUILD-SNAPSHOT\spring-boot-starter-data-jpa-2.2.0.BUILD-SNAPSHOT.jar;C:\Users\suraj\.m2\repository\org\springframework\boot\spring-boot-starter-aop\2.2.0.BUILD-SNAPSHOT\spring-boot-starter-aop-2.2.0.BUILD-SNAPSHOT.jar;C:\Users\suraj\.m2\repository\org\aspectj\aspectjweaver\1.9.4\aspectjweaver-1.9.4.jar;C:\Users\suraj\.m2\repository\org\springframework\boot\spring-boot-starter-jdbc\2.2.0.BUILD-SNAPSHOT\spring-boot-starter-jdbc-2.2.0.BUILD-SNAPSHOT.jar;C:\Users\suraj\.m2\repository\com\zaxxer\HikariCP\3.4.1\HikariCP-3.4.1.jar;C:\Users\suraj\.m2\repository\org\springframework\spring-jdbc\5.2.0.RELEASE\spring-jdbc-5.2.0.RELEASE.jar;C:\Users\suraj\.m2\repository\jakarta\activation\jakarta.activation-api\1.2.1\jakarta.activation-api-1.2.1.jar;C:\Users\suraj\.m2\repository\jakarta\persistence\jakarta.persistence-api\2.2.3\jakarta.persistence-api-2.2.3.jar;C:\Users\suraj\.m2\repository\jakarta\transaction\jakarta.transaction-api\1.3.3\jakarta.transaction-api-1.3.3.jar;C:\Users\suraj\.m2\repository\org\hibernate\hibernate-core\5.4.6.Final\hibernate-core-5.4.6.Final.jar;C:\Users\suraj\.m2\repository\org\jboss\logging\jboss-logging\3.4.1.Final\jboss-logging-3.4.1.Final.jar;C:\Users\suraj\.m2\repository\org\javassist\javassist\3.24.0-GA\javassist-3.24.0-GA.jar;C:\Users\suraj\.m2\repository\net\bytebuddy\byte-buddy\1.10.1\byte-buddy-1.10.1.jar;C:\Users\suraj\.m2\repository\antlr\antlr\2.7.7\antlr-2.7.7.jar;C:\Users\suraj\.m2\repository\org\jboss\jandex\2.0.5.Final\jandex-2.0.5.Final.jar;C:\Users\suraj\.m2\repository\com\fasterxml\classmate\1.5.0\classmate-1.5.0.jar;C:\Users\suraj\.m2\repository\org\dom4j\dom4j\2.1.1\dom4j-2.1.1.jar;C:\Users\suraj\.m2\repository\org\hibernate\common\hibernate-commons-annotations\5.1.0.Final\hibernate-commons-annotations-5.1.0.Final.jar;C:\Users\suraj\.m2\repository\org\glassfish\jaxb\jaxb-runtime\2.3.2\jaxb-runtime-2.3.2.jar;C:\Users\suraj\.m2\repository\org\glassfish\jaxb\txw2\2.3.2\txw2-2.3.2.jar;C:\Users\suraj\.m2\repository\com\sun\istack\istack-commons-runtime\3.0.8\istack-commons-runtime-3.0.8.jar;C:\Users\suraj\.m2\repository\org\jvnet\staxex\stax-ex\1.8.1\stax-ex-1.8.1.jar;C:\Users\suraj\.m2\repository\com\sun\xml\fastinfoset\FastInfoset\1.2.16\FastInfoset-1.2.16.jar;C:\Users\suraj\.m2\repository\org\springframework\data\spring-data-jpa\2.2.0.RELEASE\spring-data-jpa-2.2.0.RELEASE.jar;C:\Users\suraj\.m2\repository\org\springframework\data\spring-data-commons\2.2.0.RELEASE\spring-data-commons-2.2.0.RELEASE.jar;C:\Users\suraj\.m2\repository\org\springframework\spring-orm\5.2.0.RELEASE\spring-orm-5.2.0.RELEASE.jar;C:\Users\suraj\.m2\repository\org\springframework\spring-context\5.2.0.RELEASE\spring-context-5.2.0.RELEASE.jar;C:\Users\suraj\.m2\repository\org\springframework\spring-tx\5.2.0.RELEASE\spring-tx-5.2.0.RELEASE.jar;C:\Users\suraj\.m2\repository\org\springframework\spring-beans\5.2.0.RELEASE\spring-beans-5.2.0.RELEASE.jar;C:\Users\suraj\.m2\repository\org\slf4j\slf4j-api\1.7.28\slf4j-api-1.7.28.jar;C:\Users\suraj\.m2\repository\org\springframework\spring-aspects\5.2.0.RELEASE\spring-aspects-5.2.0.RELEASE.jar;C:\Users\suraj\.m2\repository\org\springframework\boot\spring-boot-starter-web\2.2.0.BUILD-SNAPSHOT\spring-boot-starter-web-2.2.0.BUILD-SNAPSHOT.jar;C:\Users\suraj\.m2\repository\org\springframework\boot\spring-boot-starter\2.2.0.BUILD-SNAPSHOT\spring-boot-starter-2.2.0.BUILD-SNAPSHOT.jar;C:\Users\suraj\.m2\repository\org\springframework\boot\spring-boot-starter-logging\2.2.0.BUILD-SNAPSHOT\spring-boot-starter-logging-2.2.0.BUILD-SNAPSHOT.jar;C:\Users\suraj\.m2\repository\ch\qos\logback\logback-classic\1.2.3\logback-classic-1.2.3.jar;C:\Users\suraj\.m2\repository\ch\qos\logback\logback-core\1.2.3\logback-core-1.2.3.jar;C:\Users\suraj\.m2\repository\org\apache\logging\log4j\log4j-to-slf4j\2.12.1\log4j-to-slf4j-2.12.1.jar;C:\Users\suraj\.m2\repository\org\apache\logging\log4j\log4j-api\2.12.1\log4j-api-2.12.1.jar;C:\Users\suraj\.m2\repository\org\slf4j\jul-to-slf4j\1.7.28\jul-to-slf4j-1.7.28.jar;C:\Users\suraj\.m2\repository\jakarta\annotation\jakarta.annotation-api\1.3.5\jakarta.annotation-api-1.3.5.jar;C:\Users\suraj\.m2\repository\org\yaml\snakeyaml\1.25\snakeyaml-1.25.jar;C:\Users\suraj\.m2\repository\org\springframework\boot\spring-boot-starter-json\2.2.0.BUILD-SNAPSHOT\spring-boot-starter-json-2.2.0.BUILD-SNAPSHOT.jar;C:\Users\suraj\.m2\repository\com\fasterxml\jackson\datatype\jackson-datatype-jdk8\2.10.0\jackson-datatype-jdk8-2.10.0.jar;C:\Users\suraj\.m2\repository\com\fasterxml\jackson\datatype\jackson-datatype-jsr310\2.10.0\jackson-datatype-jsr310-2.10.0.jar;C:\Users\suraj\.m2\repository\com\fasterxml\jackson\module\jackson-module-parameter-names\2.10.0\jackson-module-parameter-names-2.10.0.jar;C:\Users\suraj\.m2\repository\org\springframework\boot\spring-boot-starter-tomcat\2.2.0.BUILD-SNAPSHOT\spring-boot-starter-tomcat-2.2.0.BUILD-SNAPSHOT.jar;C:\Users\suraj\.m2\repository\org\apache\tomcat\embed\tomcat-embed-core\9.0.27\tomcat-embed-core-9.0.27.jar;C:\Users\suraj\.m2\repository\org\apache\tomcat\embed\tomcat-embed-el\9.0.27\tomcat-embed-el-9.0.27.jar;C:\Users\suraj\.m2\repository\org\apache\tomcat\embed\tomcat-embed-websocket\9.0.27\tomcat-embed-websocket-9.0.27.jar;C:\Users\suraj\.m2\repository\org\springframework\boot\spring-boot-starter-validation\2.2.0.BUILD-SNAPSHOT\spring-boot-starter-validation-2.2.0.BUILD-SNAPSHOT.jar;C:\Users\suraj\.m2\repository\jakarta\validation\jakarta.validation-api\2.0.1\jakarta.validation-api-2.0.1.jar;C:\Users\suraj\.m2\repository\org\hibernate\validator\hibernate-validator\6.0.17.Final\hibernate-validator-6.0.17.Final.jar;C:\Users\suraj\.m2\repository\org\springframework\spring-web\5.2.0.RELEASE\spring-web-5.2.0.RELEASE.jar;C:\Users\suraj\.m2\repository\org\springframework\spring-webmvc\5.2.0.RELEASE\spring-webmvc-5.2.0.RELEASE.jar;C:\Users\suraj\.m2\repository\org\springframework\spring-expression\5.2.0.RELEASE\spring-expression-5.2.0.RELEASE.jar;C:\Users\suraj\.m2\repository\org\springframework\boot\spring-boot-starter-security\2.2.0.BUILD-SNAPSHOT\spring-boot-starter-security-2.2.0.BUILD-SNAPSHOT.jar;C:\Users\suraj\.m2\repository\org\springframework\spring-aop\5.2.0.RELEASE\spring-aop-5.2.0.RELEASE.jar;C:\Users\suraj\.m2\repository\org\springframework\security\spring-security-config\5.2.0.RELEASE\spring-security-config-5.2.0.RELEASE.jar;C:\Users\suraj\.m2\repository\org\springframework\security\spring-security-core\5.2.0.RELEASE\spring-security-core-5.2.0.RELEASE.jar;C:\Users\suraj\.m2\repository\org\springframework\security\spring-security-web\5.2.0.RELEASE\spring-security-web-5.2.0.RELEASE.jar;C:\Users\suraj\.m2\repository\org\springframework\boot\spring-boot-devtools\2.2.0.BUILD-SNAPSHOT\spring-boot-devtools-2.2.0.BUILD-SNAPSHOT.jar;C:\Users\suraj\.m2\repository\org\springframework\boot\spring-boot\2.2.0.BUILD-SNAPSHOT\spring-boot-2.2.0.BUILD-SNAPSHOT.jar;C:\Users\suraj\.m2\repository\org\springframework\boot\spring-boot-autoconfigure\2.2.0.BUILD-SNAPSHOT\spring-boot-autoconfigure-2.2.0.BUILD-SNAPSHOT.jar;C:\Users\suraj\.m2\repository\org\postgresql\postgresql\42.2.8\postgresql-42.2.8.jar;C:\Users\suraj\.m2\repository\mysql\mysql-connector-java\8.0.18\mysql-connector-java-8.0.18.jar;C:\Users\suraj\.m2\repository\org\projectlombok\lombok\1.18.24\lombok-1.18.24.jar;C:\Users\suraj\.m2\repository\org\springframework\boot\spring-boot-starter-test\2.2.0.BUILD-SNAPSHOT\spring-boot-starter-test-2.2.0.BUILD-SNAPSHOT.jar;C:\Users\suraj\.m2\repository\org\springframework\boot\spring-boot-test\2.2.0.BUILD-SNAPSHOT\spring-boot-test-2.2.0.BUILD-SNAPSHOT.jar;C:\Users\suraj\.m2\repository\org\springframework\boot\spring-boot-test-autoconfigure\2.2.0.BUILD-SNAPSHOT\spring-boot-test-autoconfigure-2.2.0.BUILD-SNAPSHOT.jar;C:\Users\suraj\.m2\repository\com\jayway\jsonpath\json-path\2.4.0\json-path-2.4.0.jar;C:\Users\suraj\.m2\repository\net\minidev\json-smart\2.3\json-smart-2.3.jar;C:\Users\suraj\.m2\repository\net\minidev\accessors-smart\1.2\accessors-smart-1.2.jar;C:\Users\suraj\.m2\repository\org\ow2\asm\asm\5.0.4\asm-5.0.4.jar;C:\Users\suraj\.m2\repository\jakarta\xml\bind\jakarta.xml.bind-api\2.3.2\jakarta.xml.bind-api-2.3.2.jar;C:\Users\suraj\.m2\repository\org\junit\jupiter\junit-jupiter\5.5.2\junit-jupiter-5.5.2.jar;C:\Users\suraj\.m2\repository\org\junit\jupiter\junit-jupiter-api\5.5.2\junit-jupiter-api-5.5.2.jar;C:\Users\suraj\.m2\repository\org\opentest4j\opentest4j\1.2.0\opentest4j-1.2.0.jar;C:\Users\suraj\.m2\repository\org\junit\platform\junit-platform-commons\1.5.2\junit-platform-commons-1.5.2.jar;C:\Users\suraj\.m2\repository\org\junit\jupiter\junit-jupiter-params\5.5.2\junit-jupiter-params-5.5.2.jar;C:\Users\suraj\.m2\repository\org\junit\jupiter\junit-jupiter-engine\5.5.2\junit-jupiter-engine-5.5.2.jar;C:\Users\suraj\.m2\repository\org\junit\vintage\junit-vintage-engine\5.5.2\junit-vintage-engine-5.5.2.jar;C:\Users\suraj\.m2\repository\org\apiguardian\apiguardian-api\1.1.0\apiguardian-api-1.1.0.jar;C:\Users\suraj\.m2\repository\org\junit\platform\junit-platform-engine\1.5.2\junit-platform-engine-1.5.2.jar;C:\Users\suraj\.m2\repository\junit\junit\4.12\junit-4.12.jar;C:\Users\suraj\.m2\repository\org\mockito\mockito-junit-jupiter\3.1.0\mockito-junit-jupiter-3.1.0.jar;C:\Users\suraj\.m2\repository\org\assertj\assertj-core\3.13.2\assertj-core-3.13.2.jar;C:\Users\suraj\.m2\repository\org\hamcrest\hamcrest\2.1\hamcrest-2.1.jar;C:\Users\suraj\.m2\repository\org\mockito\mockito-core\3.1.0\mockito-core-3.1.0.jar;C:\Users\suraj\.m2\repository\net\bytebuddy\byte-buddy-agent\1.10.1\byte-buddy-agent-1.10.1.jar;C:\Users\suraj\.m2\repository\org\objenesis\objenesis\2.6\objenesis-2.6.jar;C:\Users\suraj\.m2\repository\org\skyscreamer\jsonassert\1.5.0\jsonassert-1.5.0.jar;C:\Users\suraj\.m2\repository\com\vaadin\external\google\android-json\0.0.20131108.vaadin1\android-json-0.0.20131108.vaadin1.jar;C:\Users\suraj\.m2\repository\org\springframework\spring-core\5.2.0.RELEASE\spring-core-5.2.0.RELEASE.jar;C:\Users\suraj\.m2\repository\org\springframework\spring-jcl\5.2.0.RELEASE\spring-jcl-5.2.0.RELEASE.jar;C:\Users\suraj\.m2\repository\org\springframework\spring-test\5.2.0.RELEASE\spring-test-5.2.0.RELEASE.jar;C:\Users\suraj\.m2\repository\org\xmlunit\xmlunit-core\2.6.3\xmlunit-core-2.6.3.jar;C:\Users\suraj\.m2\repository\io\jsonwebtoken\jjwt\0.9.1\jjwt-0.9.1.jar;C:\Users\suraj\.m2\repository\com\fasterxml\jackson\core\jackson-databind\2.10.0\jackson-databind-2.10.0.jar;C:\Users\suraj\.m2\repository\com\fasterxml\jackson\core\jackson-annotations\2.10.0\jackson-annotations-2.10.0.jar;C:\Users\suraj\.m2\repository\com\fasterxml\jackson\core\jackson-core\2.10.0\jackson-core-2.10.0.jar;C:\Users\suraj\.m2\repository\org\apache\commons\commons-csv\1.9.0\commons-csv-1.9.0.jar;C:\Users\suraj\.m2\repository\org\springframework\boot\spring-boot-starter-mail\2.2.0.BUILD-SNAPSHOT\spring-boot-starter-mail-2.2.0.BUILD-SNAPSHOT.jar;C:\Users\suraj\.m2\repository\org\springframework\spring-context-support\5.2.0.RELEASE\spring-context-support-5.2.0.RELEASE.jar;C:\Users\suraj\.m2\repository\com\sun\mail\jakarta.mail\1.6.4\jakarta.mail-1.6.4.jar;C:\Users\suraj\.m2\repository\com\sun\activation\jakarta.activation\1.2.1\jakarta.activation-1.2.1.jar;C:\Users\suraj\.m2\repository\org\springframework\boot\spring-boot-maven-plugin\2.7.3\spring-boot-maven-plugin-2.7.3.jar;C:\Users\suraj\.m2\repository\org\springframework\boot\spring-boot-buildpack-platform\2.7.3\spring-boot-buildpack-platform-2.7.3.jar;C:\Users\suraj\.m2\repository\net\java\dev\jna\jna-platform\4.5.2\jna-platform-4.5.2.jar;C:\Users\suraj\.m2\repository\net\java\dev\jna\jna\4.5.2\jna-4.5.2.jar;C:\Users\suraj\.m2\repository\org\apache\commons\commons-compress\1.21\commons-compress-1.21.jar;C:\Users\suraj\.m2\repository\org\apache\httpcomponents\httpclient\4.5.10\httpclient-4.5.10.jar;C:\Users\suraj\.m2\repository\org\apache\httpcomponents\httpcore\4.4.12\httpcore-4.4.12.jar;C:\Users\suraj\.m2\repository\commons-codec\commons-codec\1.13\commons-codec-1.13.jar;C:\Users\suraj\.m2\repository\org\tomlj\tomlj\1.0.0\tomlj-1.0.0.jar;C:\Users\suraj\.m2\repository\org\antlr\antlr4-runtime\4.7.2\antlr4-runtime-4.7.2.jar;C:\Users\suraj\.m2\repository\com\google\code\findbugs\jsr305\3.0.2\jsr305-3.0.2.jar;C:\Users\suraj\.m2\repository\org\springframework\boot\spring-boot-loader-tools\2.2.0.BUILD-SNAPSHOT\spring-boot-loader-tools-2.2.0.BUILD-SNAPSHOT.jar;C:\Users\suraj\.m2\repository\org\sonatype\plexus\plexus-build-api\0.0.7\plexus-build-api-0.0.7.jar;C:\Users\suraj\.m2\repository\org\codehaus\plexus\plexus-utils\1.5.8\plexus-utils-1.5.8.jar;C:\Users\suraj\.m2\repository\com\google\cloud\tools\appengine-maven-plugin\2.4.4\appengine-maven-plugin-2.4.4.jar;C:\Users\suraj\.m2\repository\org\apache\maven\maven-plugin-api\3.5.0\maven-plugin-api-3.5.0.jar;C:\Users\suraj\.m2\repository\org\apache\maven\maven-model\3.5.0\maven-model-3.5.0.jar;C:\Users\suraj\.m2\repository\org\apache\maven\maven-artifact\3.5.0\maven-artifact-3.5.0.jar;C:\Users\suraj\.m2\repository\org\eclipse\sisu\org.eclipse.sisu.plexus\0.3.3\org.eclipse.sisu.plexus-0.3.3.jar;C:\Users\suraj\.m2\repository\javax\enterprise\cdi-api\1.0\cdi-api-1.0.jar;C:\Users\suraj\.m2\repository\javax\annotation\jsr250-api\1.0\jsr250-api-1.0.jar;C:\Users\suraj\.m2\repository\org\eclipse\sisu\org.eclipse.sisu.inject\0.3.3\org.eclipse.sisu.inject-0.3.3.jar;C:\Users\suraj\.m2\repository\org\apache\maven\maven-core\3.5.0\maven-core-3.5.0.jar;C:\Users\suraj\.m2\repository\org\apache\maven\maven-settings\3.5.0\maven-settings-3.5.0.jar;C:\Users\suraj\.m2\repository\org\apache\maven\maven-settings-builder\3.5.0\maven-settings-builder-3.5.0.jar;C:\Users\suraj\.m2\repository\org\apache\maven\maven-builder-support\3.5.0\maven-builder-support-3.5.0.jar;C:\Users\suraj\.m2\repository\org\apache\maven\maven-repository-metadata\3.5.0\maven-repository-metadata-3.5.0.jar;C:\Users\suraj\.m2\repository\org\apache\maven\maven-model-builder\3.5.0\maven-model-builder-3.5.0.jar;C:\Users\suraj\.m2\repository\org\apache\maven\maven-resolver-provider\3.5.0\maven-resolver-provider-3.5.0.jar;C:\Users\suraj\.m2\repository\org\apache\maven\resolver\maven-resolver-impl\1.0.3\maven-resolver-impl-1.0.3.jar;C:\Users\suraj\.m2\repository\org\apache\maven\resolver\maven-resolver-api\1.0.3\maven-resolver-api-1.0.3.jar;C:\Users\suraj\.m2\repository\org\apache\maven\resolver\maven-resolver-spi\1.0.3\maven-resolver-spi-1.0.3.jar;C:\Users\suraj\.m2\repository\org\apache\maven\resolver\maven-resolver-util\1.0.3\maven-resolver-util-1.0.3.jar;C:\Users\suraj\.m2\repository\org\apache\maven\shared\maven-shared-utils\3.1.0\maven-shared-utils-3.1.0.jar;C:\Users\suraj\.m2\repository\com\google\inject\guice\4.0\guice-4.0-no_aop.jar;C:\Users\suraj\.m2\repository\javax\inject\javax.inject\1\javax.inject-1.jar;C:\Users\suraj\.m2\repository\aopalliance\aopalliance\1.0\aopalliance-1.0.jar;C:\Users\suraj\.m2\repository\org\codehaus\plexus\plexus-interpolation\1.24\plexus-interpolation-1.24.jar;C:\Users\suraj\.m2\repository\org\codehaus\plexus\plexus-classworlds\2.5.2\plexus-classworlds-2.5.2.jar;C:\Users\suraj\.m2\repository\org\codehaus\plexus\plexus-component-annotations\1.7.1\plexus-component-annotations-1.7.1.jar;C:\Users\suraj\.m2\repository\org\sonatype\plexus\plexus-sec-dispatcher\1.4\plexus-sec-dispatcher-1.4.jar;C:\Users\suraj\.m2\repository\org\sonatype\plexus\plexus-cipher\1.4\plexus-cipher-1.4.jar;C:\Users\suraj\.m2\repository\com\google\cloud\tools\appengine-plugins-core\0.9.9\appengine-plugins-core-0.9.9.jar;C:\Users\suraj\.m2\repository\com\google\guava\guava\30.0-jre\guava-30.0-jre.jar;C:\Users\suraj\.m2\repository\com\google\guava\failureaccess\1.0.1\failureaccess-1.0.1.jar;C:\Users\suraj\.m2\repository\com\google\guava\listenablefuture\9999.0-empty-to-avoid-conflict-with-guava\listenablefuture-9999.0-empty-to-avoid-conflict-with-guava.jar;C:\Users\suraj\.m2\repository\org\checkerframework\checker-qual\3.5.0\checker-qual-3.5.0.jar;C:\Users\suraj\.m2\repository\com\google\errorprone\error_prone_annotations\2.3.4\error_prone_annotations-2.3.4.jar;C:\Users\suraj\.m2\repository\com\google\j2objc\j2objc-annotations\1.3\j2objc-annotations-1.3.jar;C:\Users\suraj\.m2\repository\com\google\code\gson\gson\2.8.6\gson-2.8.6.jar;C:\Users\suraj\.m2\repository\org\glassfish\javax.json\1.0.4\javax.json-1.0.4.jar;C:\Users\suraj\.m2\repository\commons-io\commons-io\2.7\commons-io-2.7.jar;C:\Users\suraj\.m2\repository\org\projectlombok\lombok-maven-plugin\1.18.20.0\lombok-maven-plugin-1.18.20.0.jar;C:\Users\suraj\.m2\repository\org\apache\commons\commons-lang3\3.9\commons-lang3-3.9.jar;"/>
    <property name="java.vm.vendor" value="Oracle Corporation"/>
    <property name="sun.arch.data.model" value="64"/>
    <property name="user.variant" value=""/>
    <property name="java.vendor.url" value="https://java.oracle.com/"/>
    <property name="user.timezone" value="Asia/Calcutta"/>
    <property name="os.name" value="Windows 10"/>
    <property name="java.vm.specification.version" value="17"/>
    <property name="sun.java.launcher" value="SUN_STANDARD"/>
    <property name="user.country" value="IN"/>
    <property name="sun.boot.library.path" value="C:\Program Files\Java\jdk-17\bin"/>
    <property name="sun.java.command" value="C:\Users\suraj\AppData\Local\Temp\surefire15123537182810145110\surefirebooter-20220824235453313_3.jar C:\Users\suraj\AppData\Local\Temp\surefire15123537182810145110 2022-08-24T23-54-52_920-jvmRun1 surefire-20220824235453313_1tmp surefire_0-20220824235453313_2tmp"/>
    <property name="jdk.debug" value="release"/>
    <property name="surefire.test.class.path" value="D:\vscode\Velocity\shopForHome_group_09_spring2 (1)\backend\target\test-classes;D:\vscode\Velocity\shopForHome_group_09_spring2 (1)\backend\target\classes;C:\Users\suraj\.m2\repository\com\h2database\h2\1.4.199\h2-1.4.199.jar;C:\Users\suraj\.m2\repository\org\springframework\boot\spring-boot-starter-data-jpa\2.2.0.BUILD-SNAPSHOT\spring-boot-starter-data-jpa-2.2.0.BUILD-SNAPSHOT.jar;C:\Users\suraj\.m2\repository\org\springframework\boot\spring-boot-starter-aop\2.2.0.BUILD-SNAPSHOT\spring-boot-starter-aop-2.2.0.BUILD-SNAPSHOT.jar;C:\Users\suraj\.m2\repository\org\aspectj\aspectjweaver\1.9.4\aspectjweaver-1.9.4.jar;C:\Users\suraj\.m2\repository\org\springframework\boot\spring-boot-starter-jdbc\2.2.0.BUILD-SNAPSHOT\spring-boot-starter-jdbc-2.2.0.BUILD-SNAPSHOT.jar;C:\Users\suraj\.m2\repository\com\zaxxer\HikariCP\3.4.1\HikariCP-3.4.1.jar;C:\Users\suraj\.m2\repository\org\springframework\spring-jdbc\5.2.0.RELEASE\spring-jdbc-5.2.0.RELEASE.jar;C:\Users\suraj\.m2\repository\jakarta\activation\jakarta.activation-api\1.2.1\jakarta.activation-api-1.2.1.jar;C:\Users\suraj\.m2\repository\jakarta\persistence\jakarta.persistence-api\2.2.3\jakarta.persistence-api-2.2.3.jar;C:\Users\suraj\.m2\repository\jakarta\transaction\jakarta.transaction-api\1.3.3\jakarta.transaction-api-1.3.3.jar;C:\Users\suraj\.m2\repository\org\hibernate\hibernate-core\5.4.6.Final\hibernate-core-5.4.6.Final.jar;C:\Users\suraj\.m2\repository\org\jboss\logging\jboss-logging\3.4.1.Final\jboss-logging-3.4.1.Final.jar;C:\Users\suraj\.m2\repository\org\javassist\javassist\3.24.0-GA\javassist-3.24.0-GA.jar;C:\Users\suraj\.m2\repository\net\bytebuddy\byte-buddy\1.10.1\byte-buddy-1.10.1.jar;C:\Users\suraj\.m2\repository\antlr\antlr\2.7.7\antlr-2.7.7.jar;C:\Users\suraj\.m2\repository\org\jboss\jandex\2.0.5.Final\jandex-2.0.5.Final.jar;C:\Users\suraj\.m2\repository\com\fasterxml\classmate\1.5.0\classmate-1.5.0.jar;C:\Users\suraj\.m2\repository\org\dom4j\dom4j\2.1.1\dom4j-2.1.1.jar;C:\Users\suraj\.m2\repository\org\hibernate\common\hibernate-commons-annotations\5.1.0.Final\hibernate-commons-annotations-5.1.0.Final.jar;C:\Users\suraj\.m2\repository\org\glassfish\jaxb\jaxb-runtime\2.3.2\jaxb-runtime-2.3.2.jar;C:\Users\suraj\.m2\repository\org\glassfish\jaxb\txw2\2.3.2\txw2-2.3.2.jar;C:\Users\suraj\.m2\repository\com\sun\istack\istack-commons-runtime\3.0.8\istack-commons-runtime-3.0.8.jar;C:\Users\suraj\.m2\repository\org\jvnet\staxex\stax-ex\1.8.1\stax-ex-1.8.1.jar;C:\Users\suraj\.m2\repository\com\sun\xml\fastinfoset\FastInfoset\1.2.16\FastInfoset-1.2.16.jar;C:\Users\suraj\.m2\repository\org\springframework\data\spring-data-jpa\2.2.0.RELEASE\spring-data-jpa-2.2.0.RELEASE.jar;C:\Users\suraj\.m2\repository\org\springframework\data\spring-data-commons\2.2.0.RELEASE\spring-data-commons-2.2.0.RELEASE.jar;C:\Users\suraj\.m2\repository\org\springframework\spring-orm\5.2.0.RELEASE\spring-orm-5.2.0.RELEASE.jar;C:\Users\suraj\.m2\repository\org\springframework\spring-context\5.2.0.RELEASE\spring-context-5.2.0.RELEASE.jar;C:\Users\suraj\.m2\repository\org\springframework\spring-tx\5.2.0.RELEASE\spring-tx-5.2.0.RELEASE.jar;C:\Users\suraj\.m2\repository\org\springframework\spring-beans\5.2.0.RELEASE\spring-beans-5.2.0.RELEASE.jar;C:\Users\suraj\.m2\repository\org\slf4j\slf4j-api\1.7.28\slf4j-api-1.7.28.jar;C:\Users\suraj\.m2\repository\org\springframework\spring-aspects\5.2.0.RELEASE\spring-aspects-5.2.0.RELEASE.jar;C:\Users\suraj\.m2\repository\org\springframework\boot\spring-boot-starter-web\2.2.0.BUILD-SNAPSHOT\spring-boot-starter-web-2.2.0.BUILD-SNAPSHOT.jar;C:\Users\suraj\.m2\repository\org\springframework\boot\spring-boot-starter\2.2.0.BUILD-SNAPSHOT\spring-boot-starter-2.2.0.BUILD-SNAPSHOT.jar;C:\Users\suraj\.m2\repository\org\springframework\boot\spring-boot-starter-logging\2.2.0.BUILD-SNAPSHOT\spring-boot-starter-logging-2.2.0.BUILD-SNAPSHOT.jar;C:\Users\suraj\.m2\repository\ch\qos\logback\logback-classic\1.2.3\logback-classic-1.2.3.jar;C:\Users\suraj\.m2\repository\ch\qos\logback\logback-core\1.2.3\logback-core-1.2.3.jar;C:\Users\suraj\.m2\repository\org\apache\logging\log4j\log4j-to-slf4j\2.12.1\log4j-to-slf4j-2.12.1.jar;C:\Users\suraj\.m2\repository\org\apache\logging\log4j\log4j-api\2.12.1\log4j-api-2.12.1.jar;C:\Users\suraj\.m2\repository\org\slf4j\jul-to-slf4j\1.7.28\jul-to-slf4j-1.7.28.jar;C:\Users\suraj\.m2\repository\jakarta\annotation\jakarta.annotation-api\1.3.5\jakarta.annotation-api-1.3.5.jar;C:\Users\suraj\.m2\repository\org\yaml\snakeyaml\1.25\snakeyaml-1.25.jar;C:\Users\suraj\.m2\repository\org\springframework\boot\spring-boot-starter-json\2.2.0.BUILD-SNAPSHOT\spring-boot-starter-json-2.2.0.BUILD-SNAPSHOT.jar;C:\Users\suraj\.m2\repository\com\fasterxml\jackson\datatype\jackson-datatype-jdk8\2.10.0\jackson-datatype-jdk8-2.10.0.jar;C:\Users\suraj\.m2\repository\com\fasterxml\jackson\datatype\jackson-datatype-jsr310\2.10.0\jackson-datatype-jsr310-2.10.0.jar;C:\Users\suraj\.m2\repository\com\fasterxml\jackson\module\jackson-module-parameter-names\2.10.0\jackson-module-parameter-names-2.10.0.jar;C:\Users\suraj\.m2\repository\org\springframework\boot\spring-boot-starter-tomcat\2.2.0.BUILD-SNAPSHOT\spring-boot-starter-tomcat-2.2.0.BUILD-SNAPSHOT.jar;C:\Users\suraj\.m2\repository\org\apache\tomcat\embed\tomcat-embed-core\9.0.27\tomcat-embed-core-9.0.27.jar;C:\Users\suraj\.m2\repository\org\apache\tomcat\embed\tomcat-embed-el\9.0.27\tomcat-embed-el-9.0.27.jar;C:\Users\suraj\.m2\repository\org\apache\tomcat\embed\tomcat-embed-websocket\9.0.27\tomcat-embed-websocket-9.0.27.jar;C:\Users\suraj\.m2\repository\org\springframework\boot\spring-boot-starter-validation\2.2.0.BUILD-SNAPSHOT\spring-boot-starter-validation-2.2.0.BUILD-SNAPSHOT.jar;C:\Users\suraj\.m2\repository\jakarta\validation\jakarta.validation-api\2.0.1\jakarta.validation-api-2.0.1.jar;C:\Users\suraj\.m2\repository\org\hibernate\validator\hibernate-validator\6.0.17.Final\hibernate-validator-6.0.17.Final.jar;C:\Users\suraj\.m2\repository\org\springframework\spring-web\5.2.0.RELEASE\spring-web-5.2.0.RELEASE.jar;C:\Users\suraj\.m2\repository\org\springframework\spring-webmvc\5.2.0.RELEASE\spring-webmvc-5.2.0.RELEASE.jar;C:\Users\suraj\.m2\repository\org\springframework\spring-expression\5.2.0.RELEASE\spring-expression-5.2.0.RELEASE.jar;C:\Users\suraj\.m2\repository\org\springframework\boot\spring-boot-starter-security\2.2.0.BUILD-SNAPSHOT\spring-boot-starter-security-2.2.0.BUILD-SNAPSHOT.jar;C:\Users\suraj\.m2\repository\org\springframework\spring-aop\5.2.0.RELEASE\spring-aop-5.2.0.RELEASE.jar;C:\Users\suraj\.m2\repository\org\springframework\security\spring-security-config\5.2.0.RELEASE\spring-security-config-5.2.0.RELEASE.jar;C:\Users\suraj\.m2\repository\org\springframework\security\spring-security-core\5.2.0.RELEASE\spring-security-core-5.2.0.RELEASE.jar;C:\Users\suraj\.m2\repository\org\springframework\security\spring-security-web\5.2.0.RELEASE\spring-security-web-5.2.0.RELEASE.jar;C:\Users\suraj\.m2\repository\org\springframework\boot\spring-boot-devtools\2.2.0.BUILD-SNAPSHOT\spring-boot-devtools-2.2.0.BUILD-SNAPSHOT.jar;C:\Users\suraj\.m2\repository\org\springframework\boot\spring-boot\2.2.0.BUILD-SNAPSHOT\spring-boot-2.2.0.BUILD-SNAPSHOT.jar;C:\Users\suraj\.m2\repository\org\springframework\boot\spring-boot-autoconfigure\2.2.0.BUILD-SNAPSHOT\spring-boot-autoconfigure-2.2.0.BUILD-SNAPSHOT.jar;C:\Users\suraj\.m2\repository\org\postgresql\postgresql\42.2.8\postgresql-42.2.8.jar;C:\Users\suraj\.m2\repository\mysql\mysql-connector-java\8.0.18\mysql-connector-java-8.0.18.jar;C:\Users\suraj\.m2\repository\org\projectlombok\lombok\1.18.24\lombok-1.18.24.jar;C:\Users\suraj\.m2\repository\org\springframework\boot\spring-boot-starter-test\2.2.0.BUILD-SNAPSHOT\spring-boot-starter-test-2.2.0.BUILD-SNAPSHOT.jar;C:\Users\suraj\.m2\repository\org\springframework\boot\spring-boot-test\2.2.0.BUILD-SNAPSHOT\spring-boot-test-2.2.0.BUILD-SNAPSHOT.jar;C:\Users\suraj\.m2\repository\org\springframework\boot\spring-boot-test-autoconfigure\2.2.0.BUILD-SNAPSHOT\spring-boot-test-autoconfigure-2.2.0.BUILD-SNAPSHOT.jar;C:\Users\suraj\.m2\repository\com\jayway\jsonpath\json-path\2.4.0\json-path-2.4.0.jar;C:\Users\suraj\.m2\repository\net\minidev\json-smart\2.3\json-smart-2.3.jar;C:\Users\suraj\.m2\repository\net\minidev\accessors-smart\1.2\accessors-smart-1.2.jar;C:\Users\suraj\.m2\repository\org\ow2\asm\asm\5.0.4\asm-5.0.4.jar;C:\Users\suraj\.m2\repository\jakarta\xml\bind\jakarta.xml.bind-api\2.3.2\jakarta.xml.bind-api-2.3.2.jar;C:\Users\suraj\.m2\repository\org\junit\jupiter\junit-jupiter\5.5.2\junit-jupiter-5.5.2.jar;C:\Users\suraj\.m2\repository\org\junit\jupiter\junit-jupiter-api\5.5.2\junit-jupiter-api-5.5.2.jar;C:\Users\suraj\.m2\repository\org\opentest4j\opentest4j\1.2.0\opentest4j-1.2.0.jar;C:\Users\suraj\.m2\repository\org\junit\platform\junit-platform-commons\1.5.2\junit-platform-commons-1.5.2.jar;C:\Users\suraj\.m2\repository\org\junit\jupiter\junit-jupiter-params\5.5.2\junit-jupiter-params-5.5.2.jar;C:\Users\suraj\.m2\repository\org\junit\jupiter\junit-jupiter-engine\5.5.2\junit-jupiter-engine-5.5.2.jar;C:\Users\suraj\.m2\repository\org\junit\vintage\junit-vintage-engine\5.5.2\junit-vintage-engine-5.5.2.jar;C:\Users\suraj\.m2\repository\org\apiguardian\apiguardian-api\1.1.0\apiguardian-api-1.1.0.jar;C:\Users\suraj\.m2\repository\org\junit\platform\junit-platform-engine\1.5.2\junit-platform-engine-1.5.2.jar;C:\Users\suraj\.m2\repository\junit\junit\4.12\junit-4.12.jar;C:\Users\suraj\.m2\repository\org\mockito\mockito-junit-jupiter\3.1.0\mockito-junit-jupiter-3.1.0.jar;C:\Users\suraj\.m2\repository\org\assertj\assertj-core\3.13.2\assertj-core-3.13.2.jar;C:\Users\suraj\.m2\repository\org\hamcrest\hamcrest\2.1\hamcrest-2.1.jar;C:\Users\suraj\.m2\repository\org\mockito\mockito-core\3.1.0\mockito-core-3.1.0.jar;C:\Users\suraj\.m2\repository\net\bytebuddy\byte-buddy-agent\1.10.1\byte-buddy-agent-1.10.1.jar;C:\Users\suraj\.m2\repository\org\objenesis\objenesis\2.6\objenesis-2.6.jar;C:\Users\suraj\.m2\repository\org\skyscreamer\jsonassert\1.5.0\jsonassert-1.5.0.jar;C:\Users\suraj\.m2\repository\com\vaadin\external\google\android-json\0.0.20131108.vaadin1\android-json-0.0.20131108.vaadin1.jar;C:\Users\suraj\.m2\repository\org\springframework\spring-core\5.2.0.RELEASE\spring-core-5.2.0.RELEASE.jar;C:\Users\suraj\.m2\repository\org\springframework\spring-jcl\5.2.0.RELEASE\spring-jcl-5.2.0.RELEASE.jar;C:\Users\suraj\.m2\repository\org\springframework\spring-test\5.2.0.RELEASE\spring-test-5.2.0.RELEASE.jar;C:\Users\suraj\.m2\repository\org\xmlunit\xmlunit-core\2.6.3\xmlunit-core-2.6.3.jar;C:\Users\suraj\.m2\repository\io\jsonwebtoken\jjwt\0.9.1\jjwt-0.9.1.jar;C:\Users\suraj\.m2\repository\com\fasterxml\jackson\core\jackson-databind\2.10.0\jackson-databind-2.10.0.jar;C:\Users\suraj\.m2\repository\com\fasterxml\jackson\core\jackson-annotations\2.10.0\jackson-annotations-2.10.0.jar;C:\Users\suraj\.m2\repository\com\fasterxml\jackson\core\jackson-core\2.10.0\jackson-core-2.10.0.jar;C:\Users\suraj\.m2\repository\org\apache\commons\commons-csv\1.9.0\commons-csv-1.9.0.jar;C:\Users\suraj\.m2\repository\org\springframework\boot\spring-boot-starter-mail\2.2.0.BUILD-SNAPSHOT\spring-boot-starter-mail-2.2.0.BUILD-SNAPSHOT.jar;C:\Users\suraj\.m2\repository\org\springframework\spring-context-support\5.2.0.RELEASE\spring-context-support-5.2.0.RELEASE.jar;C:\Users\suraj\.m2\repository\com\sun\mail\jakarta.mail\1.6.4\jakarta.mail-1.6.4.jar;C:\Users\suraj\.m2\repository\com\sun\activation\jakarta.activation\1.2.1\jakarta.activation-1.2.1.jar;C:\Users\suraj\.m2\repository\org\springframework\boot\spring-boot-maven-plugin\2.7.3\spring-boot-maven-plugin-2.7.3.jar;C:\Users\suraj\.m2\repository\org\springframework\boot\spring-boot-buildpack-platform\2.7.3\spring-boot-buildpack-platform-2.7.3.jar;C:\Users\suraj\.m2\repository\net\java\dev\jna\jna-platform\4.5.2\jna-platform-4.5.2.jar;C:\Users\suraj\.m2\repository\net\java\dev\jna\jna\4.5.2\jna-4.5.2.jar;C:\Users\suraj\.m2\repository\org\apache\commons\commons-compress\1.21\commons-compress-1.21.jar;C:\Users\suraj\.m2\repository\org\apache\httpcomponents\httpclient\4.5.10\httpclient-4.5.10.jar;C:\Users\suraj\.m2\repository\org\apache\httpcomponents\httpcore\4.4.12\httpcore-4.4.12.jar;C:\Users\suraj\.m2\repository\commons-codec\commons-codec\1.13\commons-codec-1.13.jar;C:\Users\suraj\.m2\repository\org\tomlj\tomlj\1.0.0\tomlj-1.0.0.jar;C:\Users\suraj\.m2\repository\org\antlr\antlr4-runtime\4.7.2\antlr4-runtime-4.7.2.jar;C:\Users\suraj\.m2\repository\com\google\code\findbugs\jsr305\3.0.2\jsr305-3.0.2.jar;C:\Users\suraj\.m2\repository\org\springframework\boot\spring-boot-loader-tools\2.2.0.BUILD-SNAPSHOT\spring-boot-loader-tools-2.2.0.BUILD-SNAPSHOT.jar;C:\Users\suraj\.m2\repository\org\sonatype\plexus\plexus-build-api\0.0.7\plexus-build-api-0.0.7.jar;C:\Users\suraj\.m2\repository\org\codehaus\plexus\plexus-utils\1.5.8\plexus-utils-1.5.8.jar;C:\Users\suraj\.m2\repository\com\google\cloud\tools\appengine-maven-plugin\2.4.4\appengine-maven-plugin-2.4.4.jar;C:\Users\suraj\.m2\repository\org\apache\maven\maven-plugin-api\3.5.0\maven-plugin-api-3.5.0.jar;C:\Users\suraj\.m2\repository\org\apache\maven\maven-model\3.5.0\maven-model-3.5.0.jar;C:\Users\suraj\.m2\repository\org\apache\maven\maven-artifact\3.5.0\maven-artifact-3.5.0.jar;C:\Users\suraj\.m2\repository\org\eclipse\sisu\org.eclipse.sisu.plexus\0.3.3\org.eclipse.sisu.plexus-0.3.3.jar;C:\Users\suraj\.m2\repository\javax\enterprise\cdi-api\1.0\cdi-api-1.0.jar;C:\Users\suraj\.m2\repository\javax\annotation\jsr250-api\1.0\jsr250-api-1.0.jar;C:\Users\suraj\.m2\repository\org\eclipse\sisu\org.eclipse.sisu.inject\0.3.3\org.eclipse.sisu.inject-0.3.3.jar;C:\Users\suraj\.m2\repository\org\apache\maven\maven-core\3.5.0\maven-core-3.5.0.jar;C:\Users\suraj\.m2\repository\org\apache\maven\maven-settings\3.5.0\maven-settings-3.5.0.jar;C:\Users\suraj\.m2\repository\org\apache\maven\maven-settings-builder\3.5.0\maven-settings-builder-3.5.0.jar;C:\Users\suraj\.m2\repository\org\apache\maven\maven-builder-support\3.5.0\maven-builder-support-3.5.0.jar;C:\Users\suraj\.m2\repository\org\apache\maven\maven-repository-metadata\3.5.0\maven-repository-metadata-3.5.0.jar;C:\Users\suraj\.m2\repository\org\apache\maven\maven-model-builder\3.5.0\maven-model-builder-3.5.0.jar;C:\Users\suraj\.m2\repository\org\apache\maven\maven-resolver-provider\3.5.0\maven-resolver-provider-3.5.0.jar;C:\Users\suraj\.m2\repository\org\apache\maven\resolver\maven-resolver-impl\1.0.3\maven-resolver-impl-1.0.3.jar;C:\Users\suraj\.m2\repository\org\apache\maven\resolver\maven-resolver-api\1.0.3\maven-resolver-api-1.0.3.jar;C:\Users\suraj\.m2\repository\org\apache\maven\resolver\maven-resolver-spi\1.0.3\maven-resolver-spi-1.0.3.jar;C:\Users\suraj\.m2\repository\org\apache\maven\resolver\maven-resolver-util\1.0.3\maven-resolver-util-1.0.3.jar;C:\Users\suraj\.m2\repository\org\apache\maven\shared\maven-shared-utils\3.1.0\maven-shared-utils-3.1.0.jar;C:\Users\suraj\.m2\repository\com\google\inject\guice\4.0\guice-4.0-no_aop.jar;C:\Users\suraj\.m2\repository\javax\inject\javax.inject\1\javax.inject-1.jar;C:\Users\suraj\.m2\repository\aopalliance\aopalliance\1.0\aopalliance-1.0.jar;C:\Users\suraj\.m2\repository\org\codehaus\plexus\plexus-interpolation\1.24\plexus-interpolation-1.24.jar;C:\Users\suraj\.m2\repository\org\codehaus\plexus\plexus-classworlds\2.5.2\plexus-classworlds-2.5.2.jar;C:\Users\suraj\.m2\repository\org\codehaus\plexus\plexus-component-annotations\1.7.1\plexus-component-annotations-1.7.1.jar;C:\Users\suraj\.m2\repository\org\sonatype\plexus\plexus-sec-dispatcher\1.4\plexus-sec-dispatcher-1.4.jar;C:\Users\suraj\.m2\repository\org\sonatype\plexus\plexus-cipher\1.4\plexus-cipher-1.4.jar;C:\Users\suraj\.m2\repository\com\google\cloud\tools\appengine-plugins-core\0.9.9\appengine-plugins-core-0.9.9.jar;C:\Users\suraj\.m2\repository\com\google\guava\guava\30.0-jre\guava-30.0-jre.jar;C:\Users\suraj\.m2\repository\com\google\guava\failureaccess\1.0.1\failureaccess-1.0.1.jar;C:\Users\suraj\.m2\repository\com\google\guava\listenablefuture\9999.0-empty-to-avoid-conflict-with-guava\listenablefuture-9999.0-empty-to-avoid-conflict-with-guava.jar;C:\Users\suraj\.m2\repository\org\checkerframework\checker-qual\3.5.0\checker-qual-3.5.0.jar;C:\Users\suraj\.m2\repository\com\google\errorprone\error_prone_annotations\2.3.4\error_prone_annotations-2.3.4.jar;C:\Users\suraj\.m2\repository\com\google\j2objc\j2objc-annotations\1.3\j2objc-annotations-1.3.jar;C:\Users\suraj\.m2\repository\com\google\code\gson\gson\2.8.6\gson-2.8.6.jar;C:\Users\suraj\.m2\repository\org\glassfish\javax.json\1.0.4\javax.json-1.0.4.jar;C:\Users\suraj\.m2\repository\commons-io\commons-io\2.7\commons-io-2.7.jar;C:\Users\suraj\.m2\repository\org\projectlombok\lombok-maven-plugin\1.18.20.0\lombok-maven-plugin-1.18.20.0.jar;C:\Users\suraj\.m2\repository\org\apache\commons\commons-lang3\3.9\commons-lang3-3.9.jar;"/>
    <property name="sun.cpu.endian" value="little"/>
    <property name="user.home" value="C:\Users\suraj"/>
    <property name="user.language" value="en"/>
    <property name="java.specification.vendor" value="Oracle Corporation"/>
    <property name="java.version.date" value="2021-09-14"/>
    <property name="java.home" value="C:\Program Files\Java\jdk-17"/>
    <property name="file.separator" value="\"/>
    <property name="basedir" value="D:\vscode\Velocity\shopForHome_group_09_spring2 (1)\backend"/>
    <property name="java.vm.compressedOopsMode" value="32-bit"/>
    <property name="line.separator" value="&#10;"/>
    <property name="java.vm.specification.vendor" value="Oracle Corporation"/>
    <property name="java.specification.name" value="Java Platform API Specification"/>
    <property name="surefire.real.class.path" value="C:\Users\suraj\AppData\Local\Temp\surefire15123537182810145110\surefirebooter-20220824235453313_3.jar"/>
    <property name="user.script" value=""/>
    <property name="sun.management.compiler" value="HotSpot 64-Bit Tiered Compilers"/>
    <property name="java.runtime.version" value="17+35-LTS-2724"/>
    <property name="user.name" value="suraj"/>
    <property name="path.separator" value=";"/>
    <property name="os.version" value="10.0"/>
    <property name="java.runtime.name" value="Java(TM) SE Runtime Environment"/>
    <property name="file.encoding" value="Cp1252"/>
    <property name="java.vm.name" value="Java HotSpot(TM) 64-Bit Server VM"/>
    <property name="localRepository" value="C:\Users\suraj\.m2\repository"/>
    <property name="java.vendor.url.bug" value="https://bugreport.java.com/bugreport/"/>
    <property name="java.io.tmpdir" value="C:\Users\suraj\AppData\Local\Temp\"/>
    <property name="java.version" value="17"/>
    <property name="user.dir" value="D:\vscode\Velocity\shopForHome_group_09_spring2 (1)\backend"/>
    <property name="os.arch" value="amd64"/>
    <property name="java.vm.specification.name" value="Java Virtual Machine Specification"/>
    <property name="sun.os.patch.level" value=""/>
    <property name="native.encoding" value="Cp1252"/>
    <property name="java.library.path" value="C:\Program Files\Java\jdk-17\bin;C:\WINDOWS\Sun\Java\bin;C:\WINDOWS\system32;C:\WINDOWS;C:\Program Files\Common Files\Oracle\Java\javapath;C:\Windows\system32;C:\Windows;C:\Windows\System32\Wbem;C:\Windows\System32\WindowsPowerShell\v1.0\;C:\Windows\System32\OpenSSH\;C:\Program Files (x86)\NVIDIA Corporation\PhysX\Common;C:\Program Files\NVIDIA Corporation\NVIDIA NvDLISR;C:\WINDOWS\system32;C:\WINDOWS;C:\WINDOWS\System32\Wbem;C:\WINDOWS\System32\WindowsPowerShell\v1.0\;C:\WINDOWS\System32\OpenSSH\;C:\Program Files\nodejs\;C:\Program Files\Git\cmd;C:\Program Files\MongoDB\Server\5.0\bin;C:\Program Files\MySQL\MySQL Shell 8.0\bin\;C:\Users\suraj\AppData\Local\Programs\Python\Python310\Scripts\;C:\Users\suraj\AppData\Local\Programs\Python\Python310\;C:\Users\suraj\AppData\Local\Microsoft\WindowsApps;C:\Users\suraj\AppData\Local\Programs\Microsoft VS Code\bin;C:\Program Files\JetBrains\IntelliJ IDEA Community Edition 2021.3\bin;;C:\Users\suraj\AppData\Roaming\npm;C:\Program Files\Java\jdk1.6.0_45\bin;;."/>
    <property name="java.vm.info" value="mixed mode, sharing"/>
    <property name="java.vendor" value="Oracle Corporation"/>
    <property name="java.vm.version" value="17+35-LTS-2724"/>
    <property name="sun.io.unicode.encoding" value="UnicodeLittle"/>
    <property name="java.class.version" value="61.0"/>
  </properties>
  <testcase name="cancel" classname="me.zhulin.shopapi.service.impl.OrderServiceImplTest" time="0"/>
  <testcase name="finish" classname="me.zhulin.shopapi.service.impl.OrderServiceImplTest" time="0"/>
</testsuite>